[DEBUG] 2022-07-07 21:27:55.478 [main] Listeners - killing nodes
[DEBUG] 2022-07-07 21:27:58.497 [main] Listeners - Starting the server
[INFO ] 2022-07-07 21:28:01.351 [main] Listeners - Server started
[DEBUG] 2022-07-07 21:28:30.513 [main] Listeners - Stopping the server
[INFO ] 2022-07-07 21:28:30.566 [main] Listeners - Server stopped
[DEBUG] 2022-07-07 21:29:36.119 [main] Listeners - killing nodes
[DEBUG] 2022-07-07 21:29:39.137 [main] Listeners - Starting the server
[INFO ] 2022-07-07 21:29:41.057 [main] Listeners - Server started
[DEBUG] 2022-07-07 21:29:59.651 [main] ApiDemo_tc_1 - Clicked Preferencies Link
[DEBUG] 2022-07-07 21:30:00.821 [main] ApiDemo_tc_1 - Clicked Dependencies Link
[DEBUG] 2022-07-07 21:30:02.874 [main] Listeners - killing nodes
[DEBUG] 2022-07-07 21:30:05.883 [main] Listeners - Starting the server
[INFO ] 2022-07-07 21:30:07.765 [main] Listeners - Server started
[DEBUG] 2022-07-07 21:30:21.737 [main] ApiDemo_tc_1 - Clicked Preferencies Link
[DEBUG] 2022-07-07 21:30:22.614 [main] ApiDemo_tc_1 - Clicked Dependencies Link
[DEBUG] 2022-07-07 21:30:24.521 [main] Listeners - killing nodes
[DEBUG] 2022-07-07 21:30:27.536 [main] Listeners - Starting the server
[INFO ] 2022-07-07 21:30:29.410 [main] Listeners - Server started
[DEBUG] 2022-07-07 21:30:43.375 [main] ApiDemo_tc_2 - Clicked Preferencies Link
[DEBUG] 2022-07-07 21:30:44.189 [main] ApiDemo_tc_2 - Clicked Dependencies Link
[DEBUG] 2022-07-07 21:30:46.119 [main] Listeners - killing nodes
[DEBUG] 2022-07-07 21:30:49.126 [main] Listeners - Starting the server
[INFO ] 2022-07-07 21:30:50.984 [main] Listeners - Server started
[DEBUG] 2022-07-07 21:31:05.134 [main] ApiDemo_tc_3 - Clicked views Link
[DEBUG] 2022-07-07 21:31:06.106 [main] ApiDemo_tc_3 - Clicked dragAndDrop Link
[INFO ] 2022-07-07 21:31:06.142 [main] ApiDemo_tc_3 - Moving circle to the right
[DEBUG] 2022-07-07 21:31:13.520 [main] Listeners - killing nodes
[DEBUG] 2022-07-07 21:31:16.522 [main] Listeners - Starting the server
[INFO ] 2022-07-07 21:31:18.414 [main] Listeners - Server started
[DEBUG] 2022-07-07 21:31:32.500 [main] ApiDemo_tc_4 - Clicked views Link
[INFO ] 2022-07-07 21:31:32.549 [main] ApiDemo_tc_4 - Tap on expandList
[INFO ] 2022-07-07 21:31:34.157 [main] ApiDemo_tc_4 - Tap on peopleNames
[DEBUG] 2022-07-07 21:31:37.788 [main] ApiDemo_tc_4 - SampleMenu displayed successfully
[DEBUG] 2022-07-07 21:31:37.789 [main] Listeners - killing nodes
[DEBUG] 2022-07-07 21:31:40.795 [main] Listeners - Starting the server
[INFO ] 2022-07-07 21:31:42.663 [main] Listeners - Server started
[INFO ] 2022-07-07 21:31:56.583 [main] ApiDemo_tc_5 - Scrolling to WebView element
[ERROR] 2022-07-07 21:31:57.074 [main] Listeners - Test failed....Attention! Test name: landingPageScrollValidation
[DEBUG] 2022-07-07 21:31:57.075 [main] Listeners - killing nodes
[DEBUG] 2022-07-07 21:32:00.078 [main] Listeners - Starting the server
[INFO ] 2022-07-07 21:32:01.938 [main] Listeners - Server started
[DEBUG] 2022-07-07 21:32:16.719 [main] ApiDemo_tc_6 - Clicked views Link
[DEBUG] 2022-07-07 21:32:17.548 [main] ApiDemo_tc_6 - Clicked Datet Widgets option 1
[INFO ] 2022-07-07 21:32:18.257 [main] ApiDemo_tc_6 - Long press on 45 minutes and moving the arrow to 15 minutes
[DEBUG] 2022-07-07 21:32:26.770 [main] Listeners - Stopping the server
[INFO ] 2022-07-07 21:32:26.825 [main] Listeners - Server stopped
[DEBUG] 2022-07-07 21:32:32.839 [main] Listeners - killing nodes
[DEBUG] 2022-07-07 21:32:35.857 [main] Listeners - Starting the server
[INFO ] 2022-07-07 21:32:37.729 [main] Listeners - Server started
[DEBUG] 2022-07-07 21:32:50.214 [main] FormPage - Trying to find the Name field
[DEBUG] 2022-07-07 21:32:55.169 [main] Ecommerce_tc_1 - Clicked on female option
[DEBUG] 2022-07-07 21:32:55.169 [main] FormPage - Trying to find Country field
[DEBUG] 2022-07-07 21:32:55.802 [main] Ecommerce_tc_1 - Clicked on Country to select Argentina
[DEBUG] 2022-07-07 21:32:59.692 [main] Ecommerce_tc_1 - Scrolled down to Argentina
[DEBUG] 2022-07-07 21:33:00.867 [main] Ecommerce_tc_1 - Clicked on Lets shop button
[DEBUG] 2022-07-07 21:33:00.869 [main] Listeners - killing nodes
[DEBUG] 2022-07-07 21:33:03.878 [main] Listeners - Starting the server
[INFO ] 2022-07-07 21:33:05.726 [main] Listeners - Server started
[DEBUG] 2022-07-07 21:33:21.672 [main] Ecommerce_tc_2 - Clicked on female option
[DEBUG] 2022-07-07 21:33:21.673 [main] FormPage - Trying to find Country field
[DEBUG] 2022-07-07 21:33:22.302 [main] Ecommerce_tc_2 - Clicked on Country to select Argentina
[DEBUG] 2022-07-07 21:33:27.368 [main] Ecommerce_tc_2 - Clicked on Lets shop button
[DEBUG] 2022-07-07 21:33:27.929 [main] Ecommerce_tc_2 - Clicked on Lets shop button
[DEBUG] 2022-07-07 21:33:27.930 [main] Listeners - killing nodes
[DEBUG] 2022-07-07 21:33:30.936 [main] Listeners - Starting the server
[INFO ] 2022-07-07 21:33:32.845 [main] Listeners - Server started
[DEBUG] 2022-07-07 21:33:45.287 [main] FormPage - Trying to find the Name field
[DEBUG] 2022-07-07 21:33:50.169 [main] Ecommerce_tc_3 - Clicked on female option
[DEBUG] 2022-07-07 21:33:50.169 [main] FormPage - Trying to find Country field
[DEBUG] 2022-07-07 21:33:50.833 [main] Ecommerce_tc_3 - Clicked on Country to select Argentina
[DEBUG] 2022-07-07 21:33:57.653 [main] Ecommerce_tc_3 - Clicked on Lets shop button
[INFO ] 2022-07-07 21:33:57.660 [main] Ecommerce_tc_3 - Scrolling to Jordan 6 Rings product
[DEBUG] 2022-07-07 21:34:04.871 [main] Ecommerce_tc_3 - Clicked on Cart button
[INFO ] 2022-07-07 21:34:08.905 [main] Ecommerce_tc_3 - Product on checkout page is equal to added product
[DEBUG] 2022-07-07 21:34:08.907 [main] Listeners - killing nodes
[DEBUG] 2022-07-07 21:34:11.915 [main] Listeners - Starting the server
[INFO ] 2022-07-07 21:34:13.765 [main] Listeners - Server started
[DEBUG] 2022-07-07 21:34:26.095 [main] FormPage - Trying to find the Name field
[DEBUG] 2022-07-07 21:34:30.918 [main] Ecommerce_tc_4 - Clicked on female option
[DEBUG] 2022-07-07 21:34:30.918 [main] FormPage - Trying to find Country field
[DEBUG] 2022-07-07 21:34:31.551 [main] Ecommerce_tc_4 - Clicked on Country to select Argentina
[DEBUG] 2022-07-07 21:34:36.321 [main] Ecommerce_tc_4 - Clicked on Lets shop button
[INFO ] 2022-07-07 21:34:36.321 [main] Ecommerce_tc_4 - Adding 2 products
[DEBUG] 2022-07-07 21:34:38.168 [main] Ecommerce_tc_4 - Clicked on Cart button
[INFO ] 2022-07-07 21:34:42.280 [main] Ecommerce_tc_4 - sum of 2 products on checkout page is equal to total value of added products
[DEBUG] 2022-07-07 21:34:42.281 [main] Listeners - killing nodes
[DEBUG] 2022-07-07 21:34:45.295 [main] Listeners - Starting the server
[INFO ] 2022-07-07 21:34:47.153 [main] Listeners - Server started
[DEBUG] 2022-07-07 21:34:59.549 [main] FormPage - Trying to find the Name field
[DEBUG] 2022-07-07 21:35:04.351 [main] Ecommerce_tc_5 - Clicked on female option
[DEBUG] 2022-07-07 21:35:04.351 [main] FormPage - Trying to find Country field
[DEBUG] 2022-07-07 21:35:04.985 [main] Ecommerce_tc_5 - Clicked on Country to select Argentina
[DEBUG] 2022-07-07 21:35:09.634 [main] Ecommerce_tc_5 - Clicked on Lets shop button
[DEBUG] 2022-07-07 21:35:12.174 [main] Ecommerce_tc_5 - Clicked on Cart button
[INFO ] 2022-07-07 21:35:16.281 [main] Ecommerce_tc_5 - Successfully validated Products sum
[DEBUG] 2022-07-07 21:35:16.300 [main] Listeners - Stopping the server
[INFO ] 2022-07-07 21:35:16.360 [main] Listeners - Server stopped
[DEBUG] 2022-07-07 22:21:07.557 [main] Listeners - killing nodes
[DEBUG] 2022-07-07 22:21:10.581 [main] Listeners - Starting the server
[INFO ] 2022-07-07 22:21:12.527 [main] Listeners - Server started
[DEBUG] 2022-07-07 22:21:26.644 [main] ApiDemo_tc_1 - Clicked Preferencies Link
[DEBUG] 2022-07-07 22:21:27.456 [main] ApiDemo_tc_1 - Clicked Dependencies Link
[DEBUG] 2022-07-07 22:21:30.012 [main] Listeners - killing nodes
[DEBUG] 2022-07-07 22:21:33.022 [main] Listeners - Starting the server
[INFO ] 2022-07-07 22:21:34.863 [main] Listeners - Server started
[DEBUG] 2022-07-07 22:21:48.860 [main] ApiDemo_tc_1 - Clicked Preferencies Link
[DEBUG] 2022-07-07 22:21:49.681 [main] ApiDemo_tc_1 - Clicked Dependencies Link
[DEBUG] 2022-07-07 22:21:51.587 [main] Listeners - killing nodes
[DEBUG] 2022-07-07 22:21:54.595 [main] Listeners - Starting the server
[INFO ] 2022-07-07 22:21:56.500 [main] Listeners - Server started
[DEBUG] 2022-07-07 22:22:10.557 [main] ApiDemo_tc_2 - Clicked Preferencies Link
[DEBUG] 2022-07-07 22:22:11.443 [main] ApiDemo_tc_2 - Clicked Dependencies Link
[DEBUG] 2022-07-07 22:22:14.007 [main] Listeners - killing nodes
[DEBUG] 2022-07-07 22:25:11.831 [main] Listeners - killing nodes
[DEBUG] 2022-07-07 22:25:14.847 [main] Listeners - Starting the server
[INFO ] 2022-07-07 22:25:16.789 [main] Listeners - Server started
[DEBUG] 2022-07-07 22:25:30.860 [main] ApiDemo_tc_1 - Clicked Preferencies Link
[DEBUG] 2022-07-07 22:25:31.669 [main] ApiDemo_tc_1 - Clicked Dependencies Link
[DEBUG] 2022-07-07 22:45:19.478 [main] Listeners - killing nodes
[DEBUG] 2022-07-07 22:45:22.493 [main] Listeners - Starting the server
[INFO ] 2022-07-07 22:45:24.621 [main] Listeners - Server started
[DEBUG] 2022-07-07 22:45:40.010 [main] ApiDemo_tc_1 - Clicked Preferencies Link
[DEBUG] 2022-07-07 22:45:40.824 [main] ApiDemo_tc_1 - Clicked Dependencies Link
